2023-06-19 23:24:09,197 [Worker-1: Loading available Gradle versions] INFO  o.e.b.c.i.u.g.PublishedGradleVersions - Gradle version information cache is up-to-date. Trying to read.
2023-06-19 23:24:57,092 [Worker-19: Import Getting Started Content] INFO  o.e.m.c.i.l.LifecycleMappingFactory - Using org.eclipse.m2e.jdt.JarLifecycleMapping lifecycle mapping for MavenProject: com.example:demo:0.0.1-SNAPSHOT @ C:\Users\mafthab\OneDrive - Hitachi Vantara\Desktop\spring-docker\demo\pom.xml.
2023-06-19 23:25:00,982 [Worker-19: Import Getting Started Content] INFO  o.e.m.j.i.AbstractJavaProjectConfigurator - Adding source folder /demo/src/main/java
2023-06-19 23:25:00,984 [Worker-19: Import Getting Started Content] INFO  o.e.m.j.i.AbstractJavaProjectConfigurator - Adding resource folder /demo/src/main/resources
2023-06-19 23:25:00,998 [Worker-19: Import Getting Started Content] INFO  o.e.m.j.i.AbstractJavaProjectConfigurator - Adding resource folder /demo/src/main/resources
2023-06-19 23:25:01,014 [Worker-19: Import Getting Started Content] INFO  o.e.m.j.i.AbstractJavaProjectConfigurator - Adding source folder /demo/src/test/java
2023-06-19 23:25:04,538 [Worker-19: Import Getting Started Content] INFO  o.e.m.c.i.p.ProjectConfigurationManager - Imported and configured 1 project(s) in 11 sec
2023-06-19 23:25:04,565 [Worker-19: Import Getting Started Content] INFO  o.e.m.c.i.p.ProjectConfigurationManager - Update started
2023-06-19 23:25:05,572 [Worker-19: Import Getting Started Content] INFO  o.e.m.c.i.l.LifecycleMappingFactory - Using org.eclipse.m2e.jdt.JarLifecycleMapping lifecycle mapping for MavenProject: com.example:demo:0.0.1-SNAPSHOT @ C:\Users\mafthab\OneDrive - Hitachi Vantara\Desktop\spring-docker\demo\pom.xml.
2023-06-19 23:25:07,264 [Worker-19: Import Getting Started Content] INFO  o.e.m.j.i.AbstractJavaProjectConfigurator - Adding source folder /demo/src/main/java
2023-06-19 23:25:07,265 [Worker-19: Import Getting Started Content] INFO  o.e.m.j.i.AbstractJavaProjectConfigurator - Adding resource folder /demo/src/main/resources
2023-06-19 23:25:07,267 [Worker-19: Import Getting Started Content] INFO  o.e.m.j.i.AbstractJavaProjectConfigurator - Adding resource folder /demo/src/main/resources
2023-06-19 23:25:07,270 [Worker-19: Import Getting Started Content] INFO  o.e.m.j.i.AbstractJavaProjectConfigurator - Adding source folder /demo/src/test/java
2023-06-19 23:25:09,858 [Worker-19: Import Getting Started Content] INFO  o.e.m.c.i.p.ProjectConfigurationManager - Update completed for 1 poms: local refresh takes 0.00 sec, refresh facades takes 2.00 sec, update config takes 1.00 sec 
2023-06-19 23:25:10,501 [Worker-10: Updating Maven Project] INFO  o.e.m.c.i.p.ProjectConfigurationManager - Update started
2023-06-19 23:25:12,010 [Worker-10: Updating Maven Project] INFO  o.e.m.c.i.l.LifecycleMappingFactory - Using org.eclipse.m2e.jdt.JarLifecycleMapping lifecycle mapping for MavenProject: com.example:demo:0.0.1-SNAPSHOT @ C:\Users\mafthab\OneDrive - Hitachi Vantara\Desktop\spring-docker\demo\pom.xml.
2023-06-19 23:25:13,555 [Worker-10: Updating Maven Project] INFO  o.e.m.j.i.AbstractJavaProjectConfigurator - Adding source folder /demo/src/main/java
2023-06-19 23:25:13,556 [Worker-10: Updating Maven Project] INFO  o.e.m.j.i.AbstractJavaProjectConfigurator - Adding resource folder /demo/src/main/resources
2023-06-19 23:25:13,558 [Worker-10: Updating Maven Project] INFO  o.e.m.j.i.AbstractJavaProjectConfigurator - Adding resource folder /demo/src/main/resources
2023-06-19 23:25:13,560 [Worker-10: Updating Maven Project] INFO  o.e.m.j.i.AbstractJavaProjectConfigurator - Adding source folder /demo/src/test/java
2023-06-19 23:25:14,623 [Worker-10: Updating Maven Project] INFO  o.e.m.c.i.p.ProjectConfigurationManager - Update completed for 1 poms: local refresh takes 0.00 sec, refresh facades takes 2.00 sec, update config takes 0.00 sec 
2023-06-19 23:26:49,021 [Worker-1: Building] INFO  o.e.m.c.i.l.LifecycleMappingFactory - Using org.eclipse.m2e.jdt.JarLifecycleMapping lifecycle mapping for MavenProject: com.example:demo:0.0.1-SNAPSHOT @ C:\Users\mafthab\OneDrive - Hitachi Vantara\Desktop\spring-docker\demo\pom.xml.
2023-06-19 23:26:52,939 [Worker-1: Building] INFO  o.a.m.s.f.DefaultMavenResourcesFiltering - Copying 0 resource from src\main\resources to target\classes
2023-06-19 23:26:52,941 [Worker-1: Building] INFO  o.a.m.s.f.DefaultMavenResourcesFiltering - Copying 0 resource from src\main\resources to target\classes
2023-06-19 23:26:52,985 [Worker-1: Building] INFO  o.a.m.s.f.DefaultMavenResourcesFiltering - skip non existing resourceDirectory C:\Users\mafthab\OneDrive - Hitachi Vantara\Desktop\spring-docker\demo\src\test\resources
2023-06-19 23:26:57,464 [Worker-11: Building] INFO  o.a.m.s.f.DefaultMavenResourcesFiltering - Copying 1 resource from src\main\resources to target\classes
2023-06-19 23:26:57,563 [Worker-11: Building] INFO  o.a.m.s.f.DefaultMavenResourcesFiltering - Copying 0 resource from src\main\resources to target\classes
2023-06-19 23:26:57,574 [Worker-11: Building] INFO  o.a.m.s.f.DefaultMavenResourcesFiltering - skip non existing resourceDirectory C:\Users\mafthab\OneDrive - Hitachi Vantara\Desktop\spring-docker\demo\src\test\resources
2023-06-19 23:27:41,189 [Worker-9: Building] INFO  o.a.m.s.f.DefaultMavenResourcesFiltering - Copying 1 resource from src\main\resources to target\classes
2023-06-19 23:27:41,483 [Worker-9: Building] INFO  o.a.m.s.f.DefaultMavenResourcesFiltering - Copying 0 resource from src\main\resources to target\classes
2023-06-19 23:27:41,496 [Worker-9: Building] INFO  o.a.m.s.f.DefaultMavenResourcesFiltering - skip non existing resourceDirectory C:\Users\mafthab\OneDrive - Hitachi Vantara\Desktop\spring-docker\demo\src\test\resources
2023-06-19 23:28:21,536 [Worker-6: Building] INFO  o.a.m.s.f.DefaultMavenResourcesFiltering - Copying 0 resource from src\main\resources to target\classes
2023-06-19 23:28:21,538 [Worker-6: Building] INFO  o.a.m.s.f.DefaultMavenResourcesFiltering - Copying 0 resource from src\main\resources to target\classes
2023-06-19 23:28:21,546 [Worker-6: Building] INFO  o.a.m.s.f.DefaultMavenResourcesFiltering - skip non existing resourceDirectory C:\Users\mafthab\OneDrive - Hitachi Vantara\Desktop\spring-docker\demo\src\test\resources
2023-06-19 23:28:56,271 [Worker-5: Building] INFO  o.a.m.s.f.DefaultMavenResourcesFiltering - Copying 0 resource from src\main\resources to target\classes
2023-06-19 23:28:56,273 [Worker-5: Building] INFO  o.a.m.s.f.DefaultMavenResourcesFiltering - Copying 0 resource from src\main\resources to target\classes
2023-06-19 23:28:56,283 [Worker-5: Building] INFO  o.a.m.s.f.DefaultMavenResourcesFiltering - skip non existing resourceDirectory C:\Users\mafthab\OneDrive - Hitachi Vantara\Desktop\spring-docker\demo\src\test\resources
2023-06-19 23:30:07,575 [Worker-1: Building] INFO  o.e.m.c.i.l.LifecycleMappingFactory - Using org.eclipse.m2e.jdt.JarLifecycleMapping lifecycle mapping for MavenProject: com.example:demo:0.0.1-SNAPSHOT @ C:\Users\mafthab\OneDrive - Hitachi Vantara\Desktop\spring-docker\demo\pom.xml.
2023-06-19 23:30:11,124 [Worker-1: Building] INFO  o.a.m.s.f.DefaultMavenResourcesFiltering - Copying 0 resource from src\main\resources to target\classes
2023-06-19 23:30:11,125 [Worker-1: Building] INFO  o.a.m.s.f.DefaultMavenResourcesFiltering - Copying 0 resource from src\main\resources to target\classes
2023-06-19 23:30:11,136 [Worker-1: Building] INFO  o.a.m.s.f.DefaultMavenResourcesFiltering - skip non existing resourceDirectory C:\Users\mafthab\OneDrive - Hitachi Vantara\Desktop\spring-docker\demo\src\test\resources
2023-06-19 23:30:24,617 [Worker-19: Building] INFO  o.e.m.c.i.l.LifecycleMappingFactory - Using org.eclipse.m2e.jdt.JarLifecycleMapping lifecycle mapping for MavenProject: com.example:demo:0.0.1-SNAPSHOT @ C:\Users\mafthab\OneDrive - Hitachi Vantara\Desktop\spring-docker\demo\pom.xml.
2023-06-19 23:30:26,400 [Worker-19: Building] INFO  o.a.m.s.f.DefaultMavenResourcesFiltering - Copying 0 resource from src\main\resources to target\classes
2023-06-19 23:30:26,401 [Worker-19: Building] INFO  o.a.m.s.f.DefaultMavenResourcesFiltering - Copying 0 resource from src\main\resources to target\classes
2023-06-19 23:30:26,411 [Worker-19: Building] INFO  o.a.m.s.f.DefaultMavenResourcesFiltering - skip non existing resourceDirectory C:\Users\mafthab\OneDrive - Hitachi Vantara\Desktop\spring-docker\demo\src\test\resources
2023-06-19 23:30:50,441 [Worker-19: Building] INFO  o.a.m.s.f.DefaultMavenResourcesFiltering - Copying 0 resource from src\main\resources to target\classes
2023-06-19 23:30:50,443 [Worker-19: Building] INFO  o.a.m.s.f.DefaultMavenResourcesFiltering - Copying 0 resource from src\main\resources to target\classes
2023-06-19 23:30:50,452 [Worker-19: Building] INFO  o.a.m.s.f.DefaultMavenResourcesFiltering - skip non existing resourceDirectory C:\Users\mafthab\OneDrive - Hitachi Vantara\Desktop\spring-docker\demo\src\test\resources
2023-06-19 23:31:07,621 [Worker-10: Building] INFO  o.a.m.s.f.DefaultMavenResourcesFiltering - Copying 0 resource from src\main\resources to target\classes
2023-06-19 23:31:07,623 [Worker-10: Building] INFO  o.a.m.s.f.DefaultMavenResourcesFiltering - Copying 0 resource from src\main\resources to target\classes
2023-06-19 23:31:07,631 [Worker-10: Building] INFO  o.a.m.s.f.DefaultMavenResourcesFiltering - skip non existing resourceDirectory C:\Users\mafthab\OneDrive - Hitachi Vantara\Desktop\spring-docker\demo\src\test\resources
2023-06-19 23:31:17,069 [Worker-8: Launching Executing install in C__Users_mafthab_OneDrive - Hitachi Vantara_Desktop_spring-docker_demo] INFO  o.eclipse.m2e.core.internal.Bundles - getClasspathEntries(Bundle=org.eclipse.m2e.maven.runtime_3.8.604.20221130-2149 [267])
2023-06-19 23:31:17,086 [Worker-8: Launching Executing install in C__Users_mafthab_OneDrive - Hitachi Vantara_Desktop_spring-docker_demo] INFO  o.eclipse.m2e.core.internal.Bundles - 	Entry: C:\Users\mafthab\.p2\pool\plugins\org.eclipse.m2e.maven.runtime_3.8.604.20221130-2149
2023-06-19 23:31:17,087 [Worker-8: Launching Executing install in C__Users_mafthab_OneDrive - Hitachi Vantara_Desktop_spring-docker_demo] INFO  o.eclipse.m2e.core.internal.Bundles - 	Entry: C:\Users\mafthab\.p2\pool\plugins\org.eclipse.m2e.maven.runtime_3.8.604.20221130-2149\jars\aether-connector-okhttp-0.17.8.jar
2023-06-19 23:31:17,089 [Worker-8: Launching Executing install in C__Users_mafthab_OneDrive - Hitachi Vantara_Desktop_spring-docker_demo] INFO  o.eclipse.m2e.core.internal.Bundles - 	Entry: C:\Users\mafthab\.p2\pool\plugins\org.eclipse.m2e.maven.runtime_3.8.604.20221130-2149\jars\commons-cli-1.4.jar
2023-06-19 23:31:17,090 [Worker-8: Launching Executing install in C__Users_mafthab_OneDrive - Hitachi Vantara_Desktop_spring-docker_demo] INFO  o.eclipse.m2e.core.internal.Bundles - 	Entry: C:\Users\mafthab\.p2\pool\plugins\org.eclipse.m2e.maven.runtime_3.8.604.20221130-2149\jars\commons-io-2.6.jar
2023-06-19 23:31:17,091 [Worker-8: Launching Executing install in C__Users_mafthab_OneDrive - Hitachi Vantara_Desktop_spring-docker_demo] INFO  o.eclipse.m2e.core.internal.Bundles - 	Entry: C:\Users\mafthab\.p2\pool\plugins\org.eclipse.m2e.maven.runtime_3.8.604.20221130-2149\jars\commons-lang3-3.8.1.jar
2023-06-19 23:31:17,092 [Worker-8: Launching Executing install in C__Users_mafthab_OneDrive - Hitachi Vantara_Desktop_spring-docker_demo] INFO  o.eclipse.m2e.core.internal.Bundles - 	Entry: C:\Users\mafthab\.p2\pool\plugins\org.eclipse.m2e.maven.runtime_3.8.604.20221130-2149\jars\guice-4.2.2-no_aop.jar
2023-06-19 23:31:17,093 [Worker-8: Launching Executing install in C__Users_mafthab_OneDrive - Hitachi Vantara_Desktop_spring-docker_demo] INFO  o.eclipse.m2e.core.internal.Bundles - 	Entry: C:\Users\mafthab\.p2\pool\plugins\org.eclipse.m2e.maven.runtime_3.8.604.20221130-2149\jars\jansi-2.4.0.jar
2023-06-19 23:31:17,093 [Worker-8: Launching Executing install in C__Users_mafthab_OneDrive - Hitachi Vantara_Desktop_spring-docker_demo] INFO  o.eclipse.m2e.core.internal.Bundles - 	Entry: C:\Users\mafthab\.p2\pool\plugins\org.eclipse.m2e.maven.runtime_3.8.604.20221130-2149\jars\maven-artifact-3.8.6.jar
2023-06-19 23:31:17,094 [Worker-8: Launching Executing install in C__Users_mafthab_OneDrive - Hitachi Vantara_Desktop_spring-docker_demo] INFO  o.eclipse.m2e.core.internal.Bundles - 	Entry: C:\Users\mafthab\.p2\pool\plugins\org.eclipse.m2e.maven.runtime_3.8.604.20221130-2149\jars\maven-builder-support-3.8.6.jar
2023-06-19 23:31:17,095 [Worker-8: Launching Executing install in C__Users_mafthab_OneDrive - Hitachi Vantara_Desktop_spring-docker_demo] INFO  o.eclipse.m2e.core.internal.Bundles - 	Entry: C:\Users\mafthab\.p2\pool\plugins\org.eclipse.m2e.maven.runtime_3.8.604.20221130-2149\jars\maven-compat-3.8.6.jar
2023-06-19 23:31:17,095 [Worker-8: Launching Executing install in C__Users_mafthab_OneDrive - Hitachi Vantara_Desktop_spring-docker_demo] INFO  o.eclipse.m2e.core.internal.Bundles - 	Entry: C:\Users\mafthab\.p2\pool\plugins\org.eclipse.m2e.maven.runtime_3.8.604.20221130-2149\jars\maven-core-3.8.6.jar
2023-06-19 23:31:17,096 [Worker-8: Launching Executing install in C__Users_mafthab_OneDrive - Hitachi Vantara_Desktop_spring-docker_demo] INFO  o.eclipse.m2e.core.internal.Bundles - 	Entry: C:\Users\mafthab\.p2\pool\plugins\org.eclipse.m2e.maven.runtime_3.8.604.20221130-2149\jars\maven-embedder-3.8.6.jar
2023-06-19 23:31:17,097 [Worker-8: Launching Executing install in C__Users_mafthab_OneDrive - Hitachi Vantara_Desktop_spring-docker_demo] INFO  o.eclipse.m2e.core.internal.Bundles - 	Entry: C:\Users\mafthab\.p2\pool\plugins\org.eclipse.m2e.maven.runtime_3.8.604.20221130-2149\jars\maven-model-3.8.6.jar
2023-06-19 23:31:17,098 [Worker-8: Launching Executing install in C__Users_mafthab_OneDrive - Hitachi Vantara_Desktop_spring-docker_demo] INFO  o.eclipse.m2e.core.internal.Bundles - 	Entry: C:\Users\mafthab\.p2\pool\plugins\org.eclipse.m2e.maven.runtime_3.8.604.20221130-2149\jars\maven-model-builder-3.8.6.jar
2023-06-19 23:31:17,098 [Worker-8: Launching Executing install in C__Users_mafthab_OneDrive - Hitachi Vantara_Desktop_spring-docker_demo] INFO  o.eclipse.m2e.core.internal.Bundles - 	Entry: C:\Users\mafthab\.p2\pool\plugins\org.eclipse.m2e.maven.runtime_3.8.604.20221130-2149\jars\maven-plugin-api-3.8.6.jar
2023-06-19 23:31:17,099 [Worker-8: Launching Executing install in C__Users_mafthab_OneDrive - Hitachi Vantara_Desktop_spring-docker_demo] INFO  o.eclipse.m2e.core.internal.Bundles - 	Entry: C:\Users\mafthab\.p2\pool\plugins\org.eclipse.m2e.maven.runtime_3.8.604.20221130-2149\jars\maven-repository-metadata-3.8.6.jar
2023-06-19 23:31:17,100 [Worker-8: Launching Executing install in C__Users_mafthab_OneDrive - Hitachi Vantara_Desktop_spring-docker_demo] INFO  o.eclipse.m2e.core.internal.Bundles - 	Entry: C:\Users\mafthab\.p2\pool\plugins\org.eclipse.m2e.maven.runtime_3.8.604.20221130-2149\jars\maven-resolver-api-1.6.3.jar
2023-06-19 23:31:17,100 [Worker-8: Launching Executing install in C__Users_mafthab_OneDrive - Hitachi Vantara_Desktop_spring-docker_demo] INFO  o.eclipse.m2e.core.internal.Bundles - 	Entry: C:\Users\mafthab\.p2\pool\plugins\org.eclipse.m2e.maven.runtime_3.8.604.20221130-2149\jars\maven-resolver-connector-basic-1.6.3.jar
2023-06-19 23:31:17,101 [Worker-8: Launching Executing install in C__Users_mafthab_OneDrive - Hitachi Vantara_Desktop_spring-docker_demo] INFO  o.eclipse.m2e.core.internal.Bundles - 	Entry: C:\Users\mafthab\.p2\pool\plugins\org.eclipse.m2e.maven.runtime_3.8.604.20221130-2149\jars\maven-resolver-impl-1.6.3.jar
2023-06-19 23:31:17,102 [Worker-8: Launching Executing install in C__Users_mafthab_OneDrive - Hitachi Vantara_Desktop_spring-docker_demo] INFO  o.eclipse.m2e.core.internal.Bundles - 	Entry: C:\Users\mafthab\.p2\pool\plugins\org.eclipse.m2e.maven.runtime_3.8.604.20221130-2149\jars\maven-resolver-provider-3.8.6.jar
2023-06-19 23:31:17,103 [Worker-8: Launching Executing install in C__Users_mafthab_OneDrive - Hitachi Vantara_Desktop_spring-docker_demo] INFO  o.eclipse.m2e.core.internal.Bundles - 	Entry: C:\Users\mafthab\.p2\pool\plugins\org.eclipse.m2e.maven.runtime_3.8.604.20221130-2149\jars\maven-resolver-spi-1.6.3.jar
2023-06-19 23:31:17,103 [Worker-8: Launching Executing install in C__Users_mafthab_OneDrive - Hitachi Vantara_Desktop_spring-docker_demo] INFO  o.eclipse.m2e.core.internal.Bundles - 	Entry: C:\Users\mafthab\.p2\pool\plugins\org.eclipse.m2e.maven.runtime_3.8.604.20221130-2149\jars\maven-resolver-transport-wagon-1.6.3.jar
2023-06-19 23:31:17,104 [Worker-8: Launching Executing install in C__Users_mafthab_OneDrive - Hitachi Vantara_Desktop_spring-docker_demo] INFO  o.eclipse.m2e.core.internal.Bundles - 	Entry: C:\Users\mafthab\.p2\pool\plugins\org.eclipse.m2e.maven.runtime_3.8.604.20221130-2149\jars\maven-resolver-util-1.6.3.jar
2023-06-19 23:31:17,105 [Worker-8: Launching Executing install in C__Users_mafthab_OneDrive - Hitachi Vantara_Desktop_spring-docker_demo] INFO  o.eclipse.m2e.core.internal.Bundles - 	Entry: C:\Users\mafthab\.p2\pool\plugins\org.eclipse.m2e.maven.runtime_3.8.604.20221130-2149\jars\maven-settings-3.8.6.jar
2023-06-19 23:31:17,106 [Worker-8: Launching Executing install in C__Users_mafthab_OneDrive - Hitachi Vantara_Desktop_spring-docker_demo] INFO  o.eclipse.m2e.core.internal.Bundles - 	Entry: C:\Users\mafthab\.p2\pool\plugins\org.eclipse.m2e.maven.runtime_3.8.604.20221130-2149\jars\maven-settings-builder-3.8.6.jar
2023-06-19 23:31:17,107 [Worker-8: Launching Executing install in C__Users_mafthab_OneDrive - Hitachi Vantara_Desktop_spring-docker_demo] INFO  o.eclipse.m2e.core.internal.Bundles - 	Entry: C:\Users\mafthab\.p2\pool\plugins\org.eclipse.m2e.maven.runtime_3.8.604.20221130-2149\jars\maven-shared-utils-3.3.4.jar
2023-06-19 23:31:17,108 [Worker-8: Launching Executing install in C__Users_mafthab_OneDrive - Hitachi Vantara_Desktop_spring-docker_demo] INFO  o.eclipse.m2e.core.internal.Bundles - 	Entry: C:\Users\mafthab\.p2\pool\plugins\org.eclipse.m2e.maven.runtime_3.8.604.20221130-2149\jars\okhttp-3.14.1.jar
2023-06-19 23:31:17,108 [Worker-8: Launching Executing install in C__Users_mafthab_OneDrive - Hitachi Vantara_Desktop_spring-docker_demo] INFO  o.eclipse.m2e.core.internal.Bundles - 	Entry: C:\Users\mafthab\.p2\pool\plugins\org.eclipse.m2e.maven.runtime_3.8.604.20221130-2149\jars\okio-1.17.3.jar
2023-06-19 23:31:17,109 [Worker-8: Launching Executing install in C__Users_mafthab_OneDrive - Hitachi Vantara_Desktop_spring-docker_demo] INFO  o.eclipse.m2e.core.internal.Bundles - 	Entry: C:\Users\mafthab\.p2\pool\plugins\org.eclipse.m2e.maven.runtime_3.8.604.20221130-2149\jars\org.eclipse.sisu.inject-0.3.5.jar
2023-06-19 23:31:17,110 [Worker-8: Launching Executing install in C__Users_mafthab_OneDrive - Hitachi Vantara_Desktop_spring-docker_demo] INFO  o.eclipse.m2e.core.internal.Bundles - 	Entry: C:\Users\mafthab\.p2\pool\plugins\org.eclipse.m2e.maven.runtime_3.8.604.20221130-2149\jars\org.eclipse.sisu.plexus-0.3.5.jar
2023-06-19 23:31:17,111 [Worker-8: Launching Executing install in C__Users_mafthab_OneDrive - Hitachi Vantara_Desktop_spring-docker_demo] INFO  o.eclipse.m2e.core.internal.Bundles - 	Entry: C:\Users\mafthab\.p2\pool\plugins\org.eclipse.m2e.maven.runtime_3.8.604.20221130-2149\jars\plexus-build-api-0.0.7.jar
2023-06-19 23:31:17,111 [Worker-8: Launching Executing install in C__Users_mafthab_OneDrive - Hitachi Vantara_Desktop_spring-docker_demo] INFO  o.eclipse.m2e.core.internal.Bundles - 	Entry: C:\Users\mafthab\.p2\pool\plugins\org.eclipse.m2e.maven.runtime_3.8.604.20221130-2149\jars\plexus-cipher-2.0.jar
2023-06-19 23:31:17,112 [Worker-8: Launching Executing install in C__Users_mafthab_OneDrive - Hitachi Vantara_Desktop_spring-docker_demo] INFO  o.eclipse.m2e.core.internal.Bundles - 	Entry: C:\Users\mafthab\.p2\pool\plugins\org.eclipse.m2e.maven.runtime_3.8.604.20221130-2149\jars\plexus-classworlds-2.6.0.jar
2023-06-19 23:31:17,113 [Worker-8: Launching Executing install in C__Users_mafthab_OneDrive - Hitachi Vantara_Desktop_spring-docker_demo] INFO  o.eclipse.m2e.core.internal.Bundles - 	Entry: C:\Users\mafthab\.p2\pool\plugins\org.eclipse.m2e.maven.runtime_3.8.604.20221130-2149\jars\plexus-component-annotations-2.1.0.jar
2023-06-19 23:31:17,113 [Worker-8: Launching Executing install in C__Users_mafthab_OneDrive - Hitachi Vantara_Desktop_spring-docker_demo] INFO  o.eclipse.m2e.core.internal.Bundles - 	Entry: C:\Users\mafthab\.p2\pool\plugins\org.eclipse.m2e.maven.runtime_3.8.604.20221130-2149\jars\plexus-interpolation-1.26.jar
2023-06-19 23:31:17,114 [Worker-8: Launching Executing install in C__Users_mafthab_OneDrive - Hitachi Vantara_Desktop_spring-docker_demo] INFO  o.eclipse.m2e.core.internal.Bundles - 	Entry: C:\Users\mafthab\.p2\pool\plugins\org.eclipse.m2e.maven.runtime_3.8.604.20221130-2149\jars\plexus-sec-dispatcher-2.0.jar
2023-06-19 23:31:17,115 [Worker-8: Launching Executing install in C__Users_mafthab_OneDrive - Hitachi Vantara_Desktop_spring-docker_demo] INFO  o.eclipse.m2e.core.internal.Bundles - 	Entry: C:\Users\mafthab\.p2\pool\plugins\org.eclipse.m2e.maven.runtime_3.8.604.20221130-2149\jars\plexus-utils-3.3.1.jar
2023-06-19 23:31:17,116 [Worker-8: Launching Executing install in C__Users_mafthab_OneDrive - Hitachi Vantara_Desktop_spring-docker_demo] INFO  o.eclipse.m2e.core.internal.Bundles - 	Entry: C:\Users\mafthab\.p2\pool\plugins\org.eclipse.m2e.maven.runtime_3.8.604.20221130-2149\jars\wagon-file-3.5.1.jar
2023-06-19 23:31:17,116 [Worker-8: Launching Executing install in C__Users_mafthab_OneDrive - Hitachi Vantara_Desktop_spring-docker_demo] INFO  o.eclipse.m2e.core.internal.Bundles - 	Entry: C:\Users\mafthab\.p2\pool\plugins\org.eclipse.m2e.maven.runtime_3.8.604.20221130-2149\jars\wagon-provider-api-3.5.1.jar
2023-06-19 23:31:17,123 [Worker-8: Launching Executing install in C__Users_mafthab_OneDrive - Hitachi Vantara_Desktop_spring-docker_demo] INFO  o.eclipse.m2e.core.internal.Bundles - getClasspathEntries(Bundle=com.google.guava_30.1.0.v20221112-0806 [8])
2023-06-19 23:31:17,128 [Worker-8: Launching Executing install in C__Users_mafthab_OneDrive - Hitachi Vantara_Desktop_spring-docker_demo] INFO  o.eclipse.m2e.core.internal.Bundles - 	Entry: C:\Users\mafthab\.p2\pool\plugins\com.google.guava_30.1.0.v20221112-0806.jar
2023-06-19 23:31:17,128 [Worker-8: Launching Executing install in C__Users_mafthab_OneDrive - Hitachi Vantara_Desktop_spring-docker_demo] INFO  o.eclipse.m2e.core.internal.Bundles - getClasspathEntries(Bundle=slf4j.api_1.7.36 [431])
2023-06-19 23:31:17,133 [Worker-8: Launching Executing install in C__Users_mafthab_OneDrive - Hitachi Vantara_Desktop_spring-docker_demo] INFO  o.eclipse.m2e.core.internal.Bundles - 	Entry: C:\Users\mafthab\.p2\pool\plugins\slf4j.api_1.7.36.jar
2023-06-19 23:31:17,133 [Worker-8: Launching Executing install in C__Users_mafthab_OneDrive - Hitachi Vantara_Desktop_spring-docker_demo] INFO  o.eclipse.m2e.core.internal.Bundles - getClasspathEntries(Bundle=javax.inject_1.0.0.v20220405-0441 [18])
2023-06-19 23:31:17,139 [Worker-8: Launching Executing install in C__Users_mafthab_OneDrive - Hitachi Vantara_Desktop_spring-docker_demo] INFO  o.eclipse.m2e.core.internal.Bundles - 	Entry: C:\Users\mafthab\.p2\pool\plugins\javax.inject_1.0.0.v20220405-0441.jar
2023-06-19 23:31:17,139 [Worker-8: Launching Executing install in C__Users_mafthab_OneDrive - Hitachi Vantara_Desktop_spring-docker_demo] INFO  o.eclipse.m2e.core.internal.Bundles - getClasspathEntries(Bundle=javax.annotation_1.3.5.v20221112-0806 [16])
2023-06-19 23:31:17,143 [Worker-8: Launching Executing install in C__Users_mafthab_OneDrive - Hitachi Vantara_Desktop_spring-docker_demo] INFO  o.eclipse.m2e.core.internal.Bundles - 	Entry: C:\Users\mafthab\.p2\pool\plugins\javax.annotation_1.3.5.v20221112-0806.jar
2023-06-19 23:31:17,159 [Worker-8: Launching Executing install in C__Users_mafthab_OneDrive - Hitachi Vantara_Desktop_spring-docker_demo] INFO  o.e.m.i.launch.MavenLaunchDelegate - Run build in "C:\Users\mafthab\OneDrive - Hitachi Vantara\Desktop\spring-docker\demo":
2023-06-19 23:31:17,179 [Worker-8: Launching Executing install in C__Users_mafthab_OneDrive - Hitachi Vantara_Desktop_spring-docker_demo] INFO  o.e.m.i.launch.MavenLaunchDelegate -  mvn  -Ppom.xml -B -Dstyle.color=always install
2023-06-19 23:35:15,591 [Worker-22: Building] INFO  o.a.m.s.f.DefaultMavenResourcesFiltering - Copying 0 resource from src\main\resources to target\classes
2023-06-19 23:35:15,602 [Worker-22: Building] INFO  o.a.m.s.f.DefaultMavenResourcesFiltering - Copying 0 resource from src\main\resources to target\classes
2023-06-19 23:35:15,618 [Worker-22: Building] INFO  o.a.m.s.f.DefaultMavenResourcesFiltering - skip non existing resourceDirectory C:\Users\mafthab\OneDrive - Hitachi Vantara\Desktop\spring-docker\demo\src\test\resources
2023-06-19 23:37:03,638 [Worker-22: Building] INFO  o.a.m.s.f.DefaultMavenResourcesFiltering - Copying 0 resource from src\main\resources to target\classes
2023-06-19 23:37:03,643 [Worker-22: Building] INFO  o.a.m.s.f.DefaultMavenResourcesFiltering - Copying 0 resource from src\main\resources to target\classes
2023-06-19 23:37:03,660 [Worker-22: Building] INFO  o.a.m.s.f.DefaultMavenResourcesFiltering - skip non existing resourceDirectory C:\Users\mafthab\OneDrive - Hitachi Vantara\Desktop\spring-docker\demo\src\test\resources
2023-06-20 00:01:03,406 [Worker-26: Building] INFO  o.a.m.s.f.DefaultMavenResourcesFiltering - Copying 1 resource from src\main\resources to target\classes
2023-06-20 00:01:03,967 [Worker-26: Building] INFO  o.a.m.s.f.DefaultMavenResourcesFiltering - Copying 0 resource from src\main\resources to target\classes
2023-06-20 00:01:03,979 [Worker-26: Building] INFO  o.a.m.s.f.DefaultMavenResourcesFiltering - skip non existing resourceDirectory C:\Users\mafthab\OneDrive - Hitachi Vantara\Desktop\spring-docker\demo\src\test\resources
2023-06-20 00:01:08,427 [Worker-27: Building] INFO  o.a.m.s.f.DefaultMavenResourcesFiltering - Copying 1 resource from src\main\resources to target\classes
2023-06-20 00:01:08,571 [Worker-27: Building] INFO  o.a.m.s.f.DefaultMavenResourcesFiltering - Copying 0 resource from src\main\resources to target\classes
2023-06-20 00:01:08,578 [Worker-27: Building] INFO  o.a.m.s.f.DefaultMavenResourcesFiltering - skip non existing resourceDirectory C:\Users\mafthab\OneDrive - Hitachi Vantara\Desktop\spring-docker\demo\src\test\resources
2023-06-20 14:15:05,592 [Worker-6: Loading available Gradle versions] INFO  o.e.b.c.i.u.g.PublishedGradleVersions - Gradle version information cache is up-to-date. Trying to read.
2023-06-20 14:15:08,674 [Worker-6: Building] INFO  o.a.m.s.f.DefaultMavenResourcesFiltering - Copying 1 resource from src\main\resources to target\classes
2023-06-20 14:15:08,709 [Worker-6: Building] INFO  o.a.m.s.f.DefaultMavenResourcesFiltering - Copying 0 resource from src\main\resources to target\classes
2023-06-20 14:15:08,716 [Worker-6: Building] INFO  o.a.m.s.f.DefaultMavenResourcesFiltering - skip non existing resourceDirectory C:\Users\mafthab\OneDrive - Hitachi Vantara\Desktop\spring-docker\demo\src\test\resources
2023-06-20 14:15:13,109 [Worker-9: Building] INFO  o.e.m.c.i.l.LifecycleMappingFactory - Using org.eclipse.m2e.jdt.JarLifecycleMapping lifecycle mapping for MavenProject: com.example:demo:0.0.1-SNAPSHOT @ C:\Users\mafthab\OneDrive - Hitachi Vantara\Desktop\spring-docker\demo\pom.xml.
2023-06-20 14:15:14,872 [Worker-9: Building] INFO  o.a.m.s.f.DefaultMavenResourcesFiltering - Copying 0 resource from src\main\resources to target\classes
2023-06-20 14:15:14,873 [Worker-9: Building] INFO  o.a.m.s.f.DefaultMavenResourcesFiltering - Copying 0 resource from src\main\resources to target\classes
2023-06-20 14:15:14,881 [Worker-9: Building] INFO  o.a.m.s.f.DefaultMavenResourcesFiltering - skip non existing resourceDirectory C:\Users\mafthab\OneDrive - Hitachi Vantara\Desktop\spring-docker\demo\src\test\resources
2023-06-20 14:15:16,800 [Worker-0: Building] INFO  o.a.m.s.f.DefaultMavenResourcesFiltering - Copying 1 resource from src\main\resources to target\classes
2023-06-20 14:15:16,895 [Worker-0: Building] INFO  o.a.m.s.f.DefaultMavenResourcesFiltering - Copying 0 resource from src\main\resources to target\classes
2023-06-20 14:15:16,903 [Worker-0: Building] INFO  o.a.m.s.f.DefaultMavenResourcesFiltering - skip non existing resourceDirectory C:\Users\mafthab\OneDrive - Hitachi Vantara\Desktop\spring-docker\demo\src\test\resources
2023-06-20 15:11:20,434 [Worker-34: Building] INFO  o.a.m.s.f.DefaultMavenResourcesFiltering - Copying 1 resource from src\main\resources to target\classes
2023-06-20 15:11:20,452 [Worker-34: Building] INFO  o.a.m.s.f.DefaultMavenResourcesFiltering - Copying 0 resource from src\main\resources to target\classes
2023-06-20 15:11:20,461 [Worker-34: Building] INFO  o.a.m.s.f.DefaultMavenResourcesFiltering - skip non existing resourceDirectory C:\Users\mafthab\OneDrive - Hitachi Vantara\Desktop\spring-docker\demo\src\test\resources
